[debug] [2022-08-20T15:27:47.394Z] ----------------------------------------------------------------------
[debug] [2022-08-20T15:27:47.398Z] Command:       D:\nodejs\node.exe C:\Users\LBK\AppData\Roaming\npm\node_modules\firebase-tools\lib\bin\firebase.js init
[debug] [2022-08-20T15:27:47.398Z] CLI Version:   11.7.0
[debug] [2022-08-20T15:27:47.399Z] Platform:      win32
[debug] [2022-08-20T15:27:47.399Z] Node Version:  v16.15.1
[debug] [2022-08-20T15:27:47.400Z] Time:          Sat Aug 20 2022 18:27:47 GMT+0300 (Източноевропейско лятно часово време)
[debug] [2022-08-20T15:27:47.401Z] ----------------------------------------------------------------------
[debug] 
[debug] [2022-08-20T15:27:47.478Z] > command requires scopes: ["email","openid","https://www.googleapis.com/auth/cloudplatformprojects.readonly","https://www.googleapis.com/auth/firebase","https://www.googleapis.com/auth/cloud-platform"]
[debug] [2022-08-20T15:27:47.479Z] > authorizing via signed-in user (lyudmilkavakliyski@gmail.com)
[info] 
     ######## #### ########  ######## ########     ###     ######  ########
     ##        ##  ##     ## ##       ##     ##  ##   ##  ##       ##
     ######    ##  ########  ######   ########  #########  ######  ######
     ##        ##  ##    ##  ##       ##     ## ##     ##       ## ##
     ##       #### ##     ## ######## ########  ##     ##  ######  ########

You're about to initialize a Firebase project in this directory:

  D:\Пари и Култура\client

Before we get started, keep in mind:

  * You are initializing within an existing Firebase project directory

